
D34D9001 started at:  01:13:51  08/01/2017

D34D9001 started at:  01:16:45  08/01/2017

D34D9001 started by:  Trey

D34D9001 terminated at:  01:20:35  08/01/2017

D34D9001 started at:  01:20:48  08/01/2017

D34D9001 started by:  Trey

D34D9001 terminated at:  01:21:15  08/01/2017

D34D9001 started at:  01:24:23  08/01/2017

D34D9001 started by:  7R3Y

D34D9001 started at:  01:27:16  08/01/2017

D34D9001 started by:  7R3Y

D34D9001 terminated at:  01:35:27  08/01/2017

D34D9001 started at:  01:41:15  08/01/2017

D34D9001 started by:  7R3Y

D34D9001 terminated at:  01:44:27  08/01/2017

D34D9001 started at:  16:13:48  08/01/2017

D34D9001 started by:  7R3Y

D34D9001 terminated at:  16:14:37  08/01/2017

D34D9001 started at:  16:14:54  08/01/2017

D34D9001 started by:  7R3Y

D34D9001 terminated at:  16:15:25  08/01/2017

D34D9001 started at:  16:16:37  08/01/2017

D34D9001 started by:  7R3y

D34D9001 terminated at:  16:17:20  08/01/2017

D34D9001 started at:  16:17:40  08/01/2017

D34D9001 started by:  7R3Y

D34D9001 terminated at:  16:19:09  08/01/2017

D34D9001 started at:  16:19:16  08/01/2017

D34D9001 started by:  7R3Y

D34D9001 terminated at:  16:25:39  08/01/2017

D34D9001 started at:  16:25:48  08/01/2017

D34D9001 started by:  7R3Y

D34D9001 terminated at:  17:15:03  08/01/2017

D34D9001 started at:  18:11:49  08/01/2017

D34D9001 started at:  01:25:46  10/01/2017

D34D9001 started by:  7R3Y

D34D9001 started at:  01:41:03  10/01/2017

D34D9001 started by:  7R3Y

D34D9001 started at:  02:23:13  10/01/2017

D34D9001 started by:  7R3Y

D34D9001 started at:  02:24:27  10/01/2017

D34D9001 started by:  7R3Y

D34D9001 started at:  02:25:43  10/01/2017

D34D9001 started by:  7R3Y

D34D9001 started at:  03:37:09  10/01/2017

D34D9001 started by:  7R3Y

D34D9001 terminated at:  03:38:27  10/01/2017

D34D9001 started at:  04:16:32  10/01/2017

D34D9001 started by:  7R3Y

D34D9001 terminated at:  04:19:21  10/01/2017

D34D9001 started at:  04:24:03  10/01/2017

D34D9001 started by:  7R3Y

D34D9001 started at:  06:10:40  10/01/2017

D34D9001 started by:  7R3Y

D34D9001 terminated at:  06:12:52  10/01/2017

D34D9001 started at:  13:23:26  10/01/2017

D34D9001 terminated at:  13:23:36  10/01/2017Due to Incorrect Username.

D34D9001 started at:  13:23:44  10/01/2017

D34D9001 started by:  7R3Y

D34D9001 started at:  13:27:40  10/01/2017

D34D9001 started by:  7R3Y

D34D9001 started at:  13:36:47  10/01/2017

D34D9001 started by:  7R3Y

D34D9001 started at:  13:42:15  10/01/2017

D34D9001 started by:  7R3Y

D34D9001 started at:  13:46:19  10/01/2017

D34D9001 started by:  7R3Y

D34D9001 started at:  13:47:36  10/01/2017

D34D9001 started by:  7R3Y

D34D9001 started at:  13:49:05  10/01/2017

D34D9001 started by:  7R3Y

D34D9001 started at:  13:50:30  10/01/2017

D34D9001 started by:  7R3Y

D34D9001 started at:  13:52:36  10/01/2017

D34D9001 started by:  7R3Y

D34D9001 started at:  22:06:18  10/01/2017

D34D9001 started by:  7R3Y

D34D9001 started at:  22:11:24  10/01/2017

D34D9001 started by:  7R3Y

D34D9001 started at:  22:13:17  10/01/2017

D34D9001 started by:  7R3Y

D34D9001 started at:  22:19:39  10/01/2017

D34D9001 started by:  73$7!NG

D34D9001 terminated at:  22:24:54  10/01/2017

D34D9001 started at:  01:33:22  12/01/2017

D34D9001 started by:  7R3Y

D34D9001 started at:  01:36:10  12/01/2017

D34D9001 terminated at:  01:36:18  12/01/2017Due to Incorrect Username.

D34D9001 started at:  01:36:31  12/01/2017

D34D9001 started by:  7R3Y

D34D9001 started at:  01:38:44  12/01/2017

D34D9001 terminated at:  01:38:51  12/01/2017Due to Incorrect Username.

D34D9001 started at:  01:38:59  12/01/2017

D34D9001 started by:  7R3Y

D34D9001 started at:  00:59:04  14/01/2017

D34D9001 started by:  7R3Y

D34D9001 started at:  01:00:58  14/01/2017

D34D9001 terminated at:  01:00:58  14/01/2017Due to Incorrect Username.

D34D9001 started at:  01:01:03  14/01/2017

D34D9001 started by:  7R3Y
