Rhea started at:  00:12:21  31/12/2016
Rhea started by:  TreyRhea started at:  00:16:07  31/12/2016
Rhea started by:  TreyRhea started at:  00:22:14  31/12/2016
Rhea started by:  TreuRhea started at:  00:22:35  31/12/2016
Rhea started by:  Trey
Rhea started at:  00:27:29  31/12/2016

Rhea started by:  Trey
Rhea started at:  00:30:43  31/12/2016

Rhea started by:  Trey
Rhea started at:  00:31:11  31/12/2016

Rhea started by:  Trey
Rhea started at:  00:34:07  31/12/2016

Rhea started by:  Trey

Rhea started at:  00:34:45  31/12/2016

Rhea started by:  Trey

Rhea started at:  00:37:40  31/12/2016

Rhea started by:  Trey

Rhea terminated at:  00:38:29  31/12/2016

Rhea started at:  00:39:24  31/12/2016

Rhea started by:  Trey

Rhea terminated at:  00:39:51  31/12/2016

Rhea started at:  00:45:24  31/12/2016

Rhea started by:  Trey

Rhea started at:  01:03:04  31/12/2016

Rhea started by:  Trey

Rhea started at:  01:04:47  31/12/2016

Rhea started by:  Trey

Rhea terminated at:  01:05:05  31/12/2016

Rhea started at:  01:05:28  31/12/2016

Rhea started by:  Trey

Rhea terminated at:  01:26:08  31/12/2016
